[debug] [2022-12-01T21:47:10.266Z] ----------------------------------------------------------------------
[debug] [2022-12-01T21:47:10.267Z] Command:       /usr/bin/node /usr/bin/firebase init
[debug] [2022-12-01T21:47:10.268Z] CLI Version:   11.16.1
[debug] [2022-12-01T21:47:10.268Z] Platform:      linux
[debug] [2022-12-01T21:47:10.268Z] Node Version:  v16.18.1
[debug] [2022-12-01T21:47:10.268Z] Time:          Thu Dec 01 2022 18:47:10 GMT-0300 (hora estándar de Argentina)
[debug] [2022-12-01T21:47:10.268Z] ----------------------------------------------------------------------
[debug] 
[debug] [2022-12-01T21:47:10.271Z] > command requires scopes: ["email","openid","https://www.googleapis.com/auth/cloudplatformprojects.readonly","https://www.googleapis.com/auth/firebase","https://www.googleapis.com/auth/cloud-platform"]
[debug] [2022-12-01T21:47:10.271Z] > authorizing via signed-in user (pablomurillo.sp@gmail.com)
[info] 
     ######## #### ########  ######## ########     ###     ######  ########
     ##        ##  ##     ## ##       ##     ##  ##   ##  ##       ##
     ######    ##  ########  ######   ########  #########  ######  ######
     ##        ##  ##    ##  ##       ##     ## ##     ##       ## ##
     ##       #### ##     ## ######## ########  ##     ##  ######  ########

You're about to initialize a Firebase project in this directory:

  /home/pablo/Documentos/apx/ocho/deploy

[info] 
=== Project Setup
[info] 
[info] First, let's associate this project directory with a Firebase project.
[info] You can create multiple project aliases by running firebase use --add, 
[info] but for now we'll just set up a default project.
[info] 
[debug] [2022-12-01T21:49:32.281Z] >>> [apiv2][query] GET https://firebase.googleapis.com/v1beta1/projects pageSize=100
[debug] [2022-12-01T21:49:33.113Z] <<< [apiv2][status] GET https://firebase.googleapis.com/v1beta1/projects 200
[debug] [2022-12-01T21:49:33.113Z] <<< [apiv2][body] GET https://firebase.googleapis.com/v1beta1/projects [omitted]
[info] i  Using project mod8-238d7 (mod8) 
[info] 
=== Hosting Setup
[info] 
[info] Your public directory is the folder (relative to your project directory) that
[info] will contain Hosting assets to be uploaded with firebase deploy. If you
[info] have a build process for your assets, use your build's output directory.
[info] 
[debug] [2022-12-01T21:53:47.954Z] >>> [apiv2][query] GET https://www.gstatic.com/firebasejs/releases.json [none]
[debug] [2022-12-01T21:53:48.285Z] <<< [apiv2][status] GET https://www.gstatic.com/firebasejs/releases.json 200
[debug] [2022-12-01T21:53:48.285Z] <<< [apiv2][body] GET https://www.gstatic.com/firebasejs/releases.json {"current":{"version":"9.14.0","browserURL":"https://www.gstatic.com/firebasejs/9.14.0/firebase.js","packageURL":"https://www.gstatic.com/firebasejs/9.14.0/firebase.tgz"},"live":{"version":"9.14","browserURL":"https://www.gstatic.com/firebasejs/live/9.14/firebase.js","packageURL":"https://www.gstatic.com/firebasejs/live/9.14/firebase.tgz"},"components":{"analytics":"https://www.gstatic.com/firebasejs/9.14.0/firebase-analytics.js","app":"https://www.gstatic.com/firebasejs/9.14.0/firebase-app.js","app-check":"https://www.gstatic.com/firebasejs/9.14.0/firebase-app-check.js","auth":"https://www.gstatic.com/firebasejs/9.14.0/firebase-auth.js","auth/cordova":"https://www.gstatic.com/firebasejs/9.14.0/firebase-auth/cordova.js","auth/react-native":"https://www.gstatic.com/firebasejs/9.14.0/firebase-auth/react-native.js","functions":"https://www.gstatic.com/firebasejs/9.14.0/firebase-functions.js","firestore":"https://www.gstatic.com/firebasejs/9.14.0/firebase-firestore.js","firestore/lite":"https://www.gstatic.com/firebasejs/9.14.0/firebase-firestore/lite.js","installations":"https://www.gstatic.com/firebasejs/9.14.0/firebase-installations.js","storage":"https://www.gstatic.com/firebasejs/9.14.0/firebase-storage.js","performance":"https://www.gstatic.com/firebasejs/9.14.0/firebase-performance.js","remote-config":"https://www.gstatic.com/firebasejs/9.14.0/firebase-remote-config.js","messaging":"https://www.gstatic.com/firebasejs/9.14.0/firebase-messaging.js","messaging/sw":"https://www.gstatic.com/firebasejs/9.14.0/firebase-messaging/sw.js","database":"https://www.gstatic.com/firebasejs/9.14.0/firebase-database.js","firestore.memory":"https://www.gstatic.com/firebasejs/9.14.0/firebase-firestore.memory.js"}}
[info] i  Skipping write of ./index.html 
[info] 
[info] i  Detected a .git folder at /home/pablo/Documentos/apx/ocho/deploy 
[info] i  Authorizing with GitHub to upload your service account to a GitHub repository's secrets store. 
[info] 
[info] Visit this URL on this device to log in:
[info] https://github.com/login/oauth/authorize?client_id=89cf50f02ac6aaed3484&state=1033792232&redirect_uri=http%3A%2F%2Flocalhost%3A9005&scope=read%3Auser%20repo%20public_repo
[info] 
[info] Waiting for authentication...
[debug] [2022-12-01T21:54:08.025Z] >>> [apiv2][query] POST https://github.com/login/oauth/access_token [none]
[debug] [2022-12-01T21:54:08.026Z] >>> [apiv2][body] POST https://github.com/login/oauth/access_token [stream]
[debug] [2022-12-01T21:54:08.438Z] <<< [apiv2][status] POST https://github.com/login/oauth/access_token 200
[debug] [2022-12-01T21:54:08.438Z] <<< [apiv2][body] POST https://github.com/login/oauth/access_token {"access_token":"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","token_type":"bearer","scope":"read:user,repo"}
[debug] [2022-12-01T21:54:08.446Z] >>> [apiv2][query] GET https://api.github.com/user [none]
[debug] [2022-12-01T21:54:08.881Z] <<< [apiv2][status] GET https://api.github.com/user 200
[debug] [2022-12-01T21:54:08.882Z] <<< [apiv2][body] GET https://api.github.com/user {"login":"PabloMur","id":62190881,"node_id":"MDQ6VXNlcjYyMTkwODgx","avatar_url":"https://avatars.githubusercontent.com/u/62190881?v=4","gravatar_id":"","url":"https://api.github.com/users/PabloMur","html_url":"https://github.com/PabloMur","followers_url":"https://api.github.com/users/PabloMur/followers","following_url":"https://api.github.com/users/PabloMur/following{/other_user}","gists_url":"https://api.github.com/users/PabloMur/gists{/gist_id}","starred_url":"https://api.github.com/users/PabloMur/starred{/owner}{/repo}","subscriptions_url":"https://api.github.com/users/PabloMur/subscriptions","organizations_url":"https://api.github.com/users/PabloMur/orgs","repos_url":"https://api.github.com/users/PabloMur/repos","events_url":"https://api.github.com/users/PabloMur/events{/privacy}","received_events_url":"https://api.github.com/users/PabloMur/received_events","type":"User","site_admin":false,"name":"Pablo Murillo","company":null,"blog":"www.pablomurillo.ar","location":null,"email":null,"hireable":null,"bio":"Estudiante de Desarrollo Web Full-Stack!\r\nen apx.school\r\n","twitter_username":null,"public_repos":36,"public_gists":6,"followers":13,"following":23,"created_at":"2020-03-14T22:53:37Z","updated_at":"2022-10-24T15:51:24Z","private_gists":2,"total_private_repos":4,"owned_private_repos":4,"disk_usage":635756,"collaborators":0,"two_factor_authentication":false,"plan":{"name":"free","space":976562499,"collaborators":0,"private_repos":10000}}
[info] 
[info] ✔  Success! Logged into GitHub as PabloMur 
[info] 
